This file contains any messages produced by compilers while
running configure, to aid debugging if configure makes a mistake.

It was created by libfc14audiodecoder configure 1.0.3, which was
generated by GNU Autoconf 2.69.  Invocation command line was

  $ ./configure 

## --------- ##
## Platform. ##
## --------- ##

hostname = DESKTOP-VL0THH1
uname -m = i686
uname -r = 3.0.7(0.338/5/3)
uname -s = CYGWIN_NT-10.0-WOW
uname -v = 2019-04-30 18:04

/usr/bin/uname -p = unknown
/bin/uname -X     = unknown

/bin/arch              = i686
/usr/bin/arch -k       = unknown
/usr/convex/getsysinfo = unknown
/usr/bin/hostinfo      = unknown
/bin/machine           = unknown
/usr/bin/oslevel       = unknown
/bin/universe          = unknown

PATH: /usr/local/bin
PATH: /usr/bin
PATH: /cygdrive/c/Program Files (x86)/Common Files/Oracle/Java/javapath
PATH: /cygdrive/c/WINDOWS/system32
PATH: /cygdrive/c/WINDOWS
PATH: /cygdrive/c/WINDOWS/System32/Wbem
PATH: /cygdrive/c/WINDOWS/System32/WindowsPowerShell/v1.0
PATH: /cygdrive/c/Program Files/TortoiseSVN/bin
PATH: /cygdrive/c/Program Files/PuTTY
PATH: /cygdrive/c/WINDOWS/System32/OpenSSH
PATH: /cygdrive/c/Program Files/CMake/bin
PATH: /cygdrive/c/Program Files/LLVM/bin
PATH: /cygdrive/c/Program Files/Git/cmd
PATH: /cygdrive/c/Users/Noah/AppData/Local/Microsoft/WindowsApps
PATH: /cygdrive/c/Program Files/mingw-w64/x86_64-8.1.0-posix-seh-rt_v6-rev0/mingw64/bin
PATH: /cygdrive/c/Users/Noah/AppData/Local/atom/bin
PATH: /usr/lib/lapack
PATH: /cygdrive/c/cygwin/home/Noah/tools/gcc-arm-none-eabi-7-2017-q4-major-win32/bin


## ----------- ##
## Core tests. ##
## ----------- ##

configure:2567: checking for a BSD-compatible install
configure:2635: result: /usr/bin/install -c
configure:2646: checking whether build environment is sane
configure:2701: result: yes
configure:2852: checking for a thread-safe mkdir -p
configure:2891: result: /usr/bin/mkdir -p
configure:2898: checking for gawk
configure:2914: found /usr/bin/gawk
configure:2925: result: gawk
configure:2936: checking whether make sets $(MAKE)
configure:2958: result: yes
configure:2987: checking whether make supports nested variables
configure:3004: result: yes
configure:3093: checking build system type
configure:3107: result: i686-pc-cygwin
configure:3127: checking host system type
configure:3140: result: i686-pc-cygwin
configure:3221: checking for gcc
configure:3237: found /usr/bin/gcc
configure:3248: result: gcc
configure:3477: checking for C compiler version
configure:3486: gcc --version >&5
gcc (GCC) 7.4.0
Copyright (C) 2017 Free Software Foundation, Inc.
This is free software; see the source for copying conditions.  There is NO
warranty; not even for MERCHANTABILITY or FITNESS FOR A PARTICULAR PURPOSE.

configure:3497: $? = 0
configure:3486: gcc -v >&5
Using built-in specs.
COLLECT_GCC=gcc
COLLECT_LTO_WRAPPER=/usr/lib/gcc/i686-pc-cygwin/7.4.0/lto-wrapper.exe
Target: i686-pc-cygwin
Configured with: /cygdrive/i/szsz/tmpp/gcc/gcc-7.4.0-1.i686/src/gcc-7.4.0/configure --srcdir=/cygdrive/i/szsz/tmpp/gcc/gcc-7.4.0-1.i686/src/gcc-7.4.0 --prefix=/usr --exec-prefix=/usr --localstatedir=/var --sysconfdir=/etc --docdir=/usr/share/doc/gcc --htmldir=/usr/share/doc/gcc/html -C --build=i686-pc-cygwin --host=i686-pc-cygwin --target=i686-pc-cygwin --without-libiconv-prefix --without-libintl-prefix --libexecdir=/usr/lib --enable-shared --enable-shared-libgcc --enable-static --enable-version-specific-runtime-libs --enable-bootstrap --enable-__cxa_atexit --with-dwarf2 --with-arch=i686 --with-tune=generic --disable-sjlj-exceptions --enable-languages=ada,c,c++,fortran,lto,objc,obj-c++ --enable-graphite --enable-threads=posix --enable-libatomic --enable-libcilkrts --enable-libgomp --enable-libitm --enable-libquadmath --enable-libquadmath-support --disable-libssp --enable-libada --disable-symvers --with-gnu-ld --with-gnu-as --with-cloog-include=/usr/include/cloog-isl --without-libiconv-prefix --without-libintl-prefix --with-system-zlib --enable-linker-build-id --with-default-libstdcxx-abi=gcc4-compatible --enable-libstdcxx-filesystem-ts
Thread model: posix
gcc version 7.4.0 (GCC) 
configure:3497: $? = 0
configure:3486: gcc -V >&5
gcc: error: unrecognized command line option '-V'
gcc: fatal error: no input files
compilation terminated.
configure:3497: $? = 1
configure:3486: gcc -qversion >&5
gcc: error: unrecognized command line option '-qversion'; did you mean '--version'?
gcc: fatal error: no input files
compilation terminated.
configure:3497: $? = 1
configure:3517: checking whether the C compiler works
configure:3539: gcc    conftest.c  >&5
configure:3543: $? = 0
configure:3591: result: yes
configure:3594: checking for C compiler default output file name
configure:3596: result: a.exe
configure:3602: checking for suffix of executables
configure:3609: gcc -o conftest.exe    conftest.c  >&5
configure:3613: $? = 0
configure:3635: result: .exe
configure:3657: checking whether we are cross compiling
configure:3665: gcc -o conftest.exe    conftest.c  >&5
configure:3669: $? = 0
configure:3676: ./conftest.exe
configure:3680: $? = 0
configure:3695: result: no
configure:3700: checking for suffix of object files
configure:3722: gcc -c   conftest.c >&5
configure:3726: $? = 0
configure:3747: result: o
configure:3751: checking whether we are using the GNU C compiler
configure:3770: gcc -c   conftest.c >&5
configure:3770: $? = 0
configure:3779: result: yes
configure:3788: checking whether gcc accepts -g
configure:3808: gcc -c -g  conftest.c >&5
configure:3808: $? = 0
configure:3849: result: yes
configure:3866: checking for gcc option to accept ISO C89
configure:3929: gcc  -c -g -O2  conftest.c >&5
configure:3929: $? = 0
configure:3942: result: none needed
configure:3973: checking for style of include used by make
configure:4001: result: GNU
configure:4027: checking dependency style of gcc
configure:4138: result: gcc3
configure:4166: checking how to run the C preprocessor
configure:4197: gcc -E  conftest.c
configure:4197: $? = 0
configure:4211: gcc -E  conftest.c
conftest.c:11:10: fatal error: ac_nonexistent.h: No such file or directory
 #include <ac_nonexistent.h>
          ^~~~~~~~~~~~~~~~~~
compilation terminated.
configure:4211: $? = 1
configure: failed program was:
| /* confdefs.h */
| #define PACKAGE_NAME "libfc14audiodecoder"
| #define PACKAGE_TARNAME "libfc14audiodecoder"
| #define PACKAGE_VERSION "1.0.3"
| #define PACKAGE_STRING "libfc14audiodecoder 1.0.3"
| #define PACKAGE_BUGREPORT ""
| #define PACKAGE_URL ""
| #define PACKAGE "libfc14audiodecoder"
| #define VERSION "1.0.3"
| /* end confdefs.h.  */
| #include <ac_nonexistent.h>
configure:4236: result: gcc -E
configure:4256: gcc -E  conftest.c
configure:4256: $? = 0
configure:4270: gcc -E  conftest.c
conftest.c:11:10: fatal error: ac_nonexistent.h: No such file or directory
 #include <ac_nonexistent.h>
          ^~~~~~~~~~~~~~~~~~
compilation terminated.
configure:4270: $? = 1
configure: failed program was:
| /* confdefs.h */
| #define PACKAGE_NAME "libfc14audiodecoder"
| #define PACKAGE_TARNAME "libfc14audiodecoder"
| #define PACKAGE_VERSION "1.0.3"
| #define PACKAGE_STRING "libfc14audiodecoder 1.0.3"
| #define PACKAGE_BUGREPORT ""
| #define PACKAGE_URL ""
| #define PACKAGE "libfc14audiodecoder"
| #define VERSION "1.0.3"
| /* end confdefs.h.  */
| #include <ac_nonexistent.h>
configure:4299: checking for grep that handles long lines and -e
configure:4357: result: /usr/bin/grep
configure:4362: checking for egrep
configure:4424: result: /usr/bin/grep -E
configure:4429: checking for ANSI C header files
configure:4449: gcc -c -g -O2  conftest.c >&5
configure:4449: $? = 0
configure:4522: gcc -o conftest.exe -g -O2   conftest.c  >&5
configure:4522: $? = 0
configure:4522: ./conftest.exe
configure:4522: $? = 0
configure:4533: result: yes
configure:4546: checking for sys/types.h
configure:4546: gcc -c -g -O2  conftest.c >&5
configure:4546: $? = 0
configure:4546: result: yes
configure:4546: checking for sys/stat.h
configure:4546: gcc -c -g -O2  conftest.c >&5
configure:4546: $? = 0
configure:4546: result: yes
configure:4546: checking for stdlib.h
configure:4546: gcc -c -g -O2  conftest.c >&5
configure:4546: $? = 0
configure:4546: result: yes
configure:4546: checking for string.h
configure:4546: gcc -c -g -O2  conftest.c >&5
configure:4546: $? = 0
configure:4546: result: yes
configure:4546: checking for memory.h
configure:4546: gcc -c -g -O2  conftest.c >&5
configure:4546: $? = 0
configure:4546: result: yes
configure:4546: checking for strings.h
configure:4546: gcc -c -g -O2  conftest.c >&5
configure:4546: $? = 0
configure:4546: result: yes
configure:4546: checking for inttypes.h
configure:4546: gcc -c -g -O2  conftest.c >&5
configure:4546: $? = 0
configure:4546: result: yes
configure:4546: checking for stdint.h
configure:4546: gcc -c -g -O2  conftest.c >&5
configure:4546: $? = 0
configure:4546: result: yes
configure:4546: checking for unistd.h
configure:4546: gcc -c -g -O2  conftest.c >&5
configure:4546: $? = 0
configure:4546: result: yes
configure:4558: checking whether byte ordering is bigendian
configure:4573: gcc -c -g -O2  conftest.c >&5
conftest.c:22:9: error: unknown type name 'not'
         not a universal capable compiler
         ^~~
conftest.c:22:15: error: expected '=', ',', ';', 'asm' or '__attribute__' before 'universal'
         not a universal capable compiler
               ^~~~~~~~~
conftest.c:22:15: error: unknown type name 'universal'
configure:4573: $? = 1
configure: failed program was:
| /* confdefs.h */
| #define PACKAGE_NAME "libfc14audiodecoder"
| #define PACKAGE_TARNAME "libfc14audiodecoder"
| #define PACKAGE_VERSION "1.0.3"
| #define PACKAGE_STRING "libfc14audiodecoder 1.0.3"
| #define PACKAGE_BUGREPORT ""
| #define PACKAGE_URL ""
| #define PACKAGE "libfc14audiodecoder"
| #define VERSION "1.0.3"
| #define STDC_HEADERS 1
| #define HAVE_SYS_TYPES_H 1
| #define HAVE_SYS_STAT_H 1
| #define HAVE_STDLIB_H 1
| #define HAVE_STRING_H 1
| #define HAVE_MEMORY_H 1
| #define HAVE_STRINGS_H 1
| #define HAVE_INTTYPES_H 1
| #define HAVE_STDINT_H 1
| #define HAVE_UNISTD_H 1
| /* end confdefs.h.  */
| #ifndef __APPLE_CC__
| 	       not a universal capable compiler
| 	     #endif
| 	     typedef int dummy;
| 
configure:4618: gcc -c -g -O2  conftest.c >&5
configure:4618: $? = 0
configure:4636: gcc -c -g -O2  conftest.c >&5
conftest.c: In function 'main':
conftest.c:28:4: error: unknown type name 'not'; did you mean 'ino_t'?
    not big endian
    ^~~
    ino_t
conftest.c:28:12: error: expected '=', ',', ';', 'asm' or '__attribute__' before 'endian'
    not big endian
            ^~~~~~
configure:4636: $? = 1
configure: failed program was:
| /* confdefs.h */
| #define PACKAGE_NAME "libfc14audiodecoder"
| #define PACKAGE_TARNAME "libfc14audiodecoder"
| #define PACKAGE_VERSION "1.0.3"
| #define PACKAGE_STRING "libfc14audiodecoder 1.0.3"
| #define PACKAGE_BUGREPORT ""
| #define PACKAGE_URL ""
| #define PACKAGE "libfc14audiodecoder"
| #define VERSION "1.0.3"
| #define STDC_HEADERS 1
| #define HAVE_SYS_TYPES_H 1
| #define HAVE_SYS_STAT_H 1
| #define HAVE_STDLIB_H 1
| #define HAVE_STRING_H 1
| #define HAVE_MEMORY_H 1
| #define HAVE_STRINGS_H 1
| #define HAVE_INTTYPES_H 1
| #define HAVE_STDINT_H 1
| #define HAVE_UNISTD_H 1
| /* end confdefs.h.  */
| #include <sys/types.h>
| 		#include <sys/param.h>
| 
| int
| main ()
| {
| #if BYTE_ORDER != BIG_ENDIAN
| 		 not big endian
| 		#endif
| 
|   ;
|   return 0;
| }
configure:4764: result: no
configure:4787: checking size of char
configure:4792: gcc -o conftest.exe -g -O2   conftest.c  >&5
configure:4792: $? = 0
configure:4792: ./conftest.exe
configure:4792: $? = 0
configure:4806: result: 1
configure:4820: checking size of short int
configure:4825: gcc -o conftest.exe -g -O2   conftest.c  >&5
configure:4825: $? = 0
configure:4825: ./conftest.exe
configure:4825: $? = 0
configure:4839: result: 2
configure:4853: checking size of int
configure:4858: gcc -o conftest.exe -g -O2   conftest.c  >&5
configure:4858: $? = 0
configure:4858: ./conftest.exe
configure:4858: $? = 0
configure:4872: result: 4
configure:4886: checking size of long int
configure:4891: gcc -o conftest.exe -g -O2   conftest.c  >&5
configure:4891: $? = 0
configure:4891: ./conftest.exe
configure:4891: $? = 0
configure:4905: result: 4
configure:4919: checking for ANSI C header files
configure:5023: result: yes
configure:5034: checking for rm
configure:5052: found /usr/bin/rm
configure:5065: result: /usr/bin/rm
configure:5132: checking for g++
configure:5148: found /usr/bin/g++
configure:5159: result: g++
configure:5186: checking for C++ compiler version
configure:5195: g++ --version >&5
g++ (GCC) 7.4.0
Copyright (C) 2017 Free Software Foundation, Inc.
This is free software; see the source for copying conditions.  There is NO
warranty; not even for MERCHANTABILITY or FITNESS FOR A PARTICULAR PURPOSE.

configure:5206: $? = 0
configure:5195: g++ -v >&5
Using built-in specs.
COLLECT_GCC=g++
COLLECT_LTO_WRAPPER=/usr/lib/gcc/i686-pc-cygwin/7.4.0/lto-wrapper.exe
Target: i686-pc-cygwin
Configured with: /cygdrive/i/szsz/tmpp/gcc/gcc-7.4.0-1.i686/src/gcc-7.4.0/configure --srcdir=/cygdrive/i/szsz/tmpp/gcc/gcc-7.4.0-1.i686/src/gcc-7.4.0 --prefix=/usr --exec-prefix=/usr --localstatedir=/var --sysconfdir=/etc --docdir=/usr/share/doc/gcc --htmldir=/usr/share/doc/gcc/html -C --build=i686-pc-cygwin --host=i686-pc-cygwin --target=i686-pc-cygwin --without-libiconv-prefix --without-libintl-prefix --libexecdir=/usr/lib --enable-shared --enable-shared-libgcc --enable-static --enable-version-specific-runtime-libs --enable-bootstrap --enable-__cxa_atexit --with-dwarf2 --with-arch=i686 --with-tune=generic --disable-sjlj-exceptions --enable-languages=ada,c,c++,fortran,lto,objc,obj-c++ --enable-graphite --enable-threads=posix --enable-libatomic --enable-libcilkrts --enable-libgomp --enable-libitm --enable-libquadmath --enable-libquadmath-support --disable-libssp --enable-libada --disable-symvers --with-gnu-ld --with-gnu-as --with-cloog-include=/usr/include/cloog-isl --without-libiconv-prefix --without-libintl-prefix --with-system-zlib --enable-linker-build-id --with-default-libstdcxx-abi=gcc4-compatible --enable-libstdcxx-filesystem-ts
Thread model: posix
gcc version 7.4.0 (GCC) 
configure:5206: $? = 0
configure:5195: g++ -V >&5
g++: error: unrecognized command line option '-V'
g++: fatal error: no input files
compilation terminated.
configure:5206: $? = 1
configure:5195: g++ -qversion >&5
g++: error: unrecognized command line option '-qversion'; did you mean '--version'?
g++: fatal error: no input files
compilation terminated.
configure:5206: $? = 1
configure:5210: checking whether we are using the GNU C++ compiler
configure:5229: g++ -c   conftest.cpp >&5
configure:5229: $? = 0
configure:5238: result: yes
configure:5247: checking whether g++ accepts -g
configure:5267: g++ -c -g  conftest.cpp >&5
configure:5267: $? = 0
configure:5308: result: yes
configure:5333: checking dependency style of g++
configure:5444: result: gcc3
configure:5469: checking whether nothrow allocator is available
configure:5486: g++ -c -g -O2  conftest.cpp >&5
configure:5486: $? = 0
configure:5496: result: yes
configure:5582: checking how to print strings
configure:5609: result: printf
configure:5630: checking for a sed that does not truncate output
configure:5694: result: /usr/bin/sed
configure:5712: checking for fgrep
configure:5774: result: /usr/bin/grep -F
configure:5809: checking for ld used by gcc
configure:5876: result: /usr/i686-pc-cygwin/bin/ld.exe
configure:5883: checking if the linker (/usr/i686-pc-cygwin/bin/ld.exe) is GNU ld
configure:5898: result: yes
configure:5910: checking for BSD- or MS-compatible name lister (nm)
configure:5959: result: /usr/bin/nm -B
configure:6089: checking the name lister (/usr/bin/nm -B) interface
configure:6096: g++ -c -g -O2  conftest.cpp >&5
configure:6099: /usr/bin/nm -B "conftest.o"
configure:6102: output
00000000 b .bss
00000000 d .data
00000000 N .debug_abbrev
00000000 N .debug_aranges
00000000 N .debug_info
00000000 N .debug_line
00000000 r .rdata$zzz
00000000 t .text
00000000 B _some_variable
configure:6109: result: BSD nm
configure:6112: checking whether ln -s works
configure:6116: result: yes
configure:6124: checking the maximum length of command line arguments
configure:6254: result: 8192
configure:6271: checking whether the shell understands some XSI constructs
configure:6281: result: yes
configure:6285: checking whether the shell understands "+="
configure:6291: result: yes
configure:6326: checking how to convert i686-pc-cygwin file names to i686-pc-cygwin format
configure:6366: result: func_convert_file_noop
configure:6373: checking how to convert i686-pc-cygwin file names to toolchain format
configure:6393: result: func_convert_file_noop
configure:6400: checking for /usr/i686-pc-cygwin/bin/ld.exe option to reload object files
configure:6407: result: -r
configure:6481: checking for objdump
configure:6497: found /usr/bin/objdump
configure:6508: result: objdump
configure:6540: checking how to recognize dependent libraries
configure:6742: result: file_magic ^x86 archive import|^x86 DLL
configure:6827: checking for dlltool
configure:6843: found /usr/bin/dlltool
configure:6854: result: dlltool
configure:6887: checking how to associate runtime and link libraries
configure:6914: result: func_cygming_dll_for_implib
configure:6974: checking for ar
configure:6990: found /usr/bin/ar
configure:7001: result: ar
configure:7038: checking for archiver @FILE support
configure:7055: g++ -c -g -O2  conftest.cpp >&5
configure:7055: $? = 0
configure:7058: ar cru libconftest.a @conftest.lst >&5
configure:7061: $? = 0
configure:7066: ar cru libconftest.a @conftest.lst >&5
ar: conftest.o: No such file or directory
configure:7069: $? = 1
configure:7081: result: @
configure:7139: checking for strip
configure:7155: found /usr/bin/strip
configure:7166: result: strip
configure:7238: checking for ranlib
configure:7254: found /usr/bin/ranlib
configure:7265: result: ranlib
configure:7367: checking command to parse /usr/bin/nm -B output from gcc object
configure:7487: g++ -c -g -O2  conftest.cpp >&5
configure:7490: $? = 0
configure:7494: /usr/bin/nm -B conftest.o \| sed -n -e 's/^.*[ ]\([ABCDGIRSTW][ABCDGIRSTW]*\)[ ][ ]*\([_A-Za-z][_A-Za-z0-9]*\)$/\1 \2 \2/p' | sed '/ __gnu_lto/d' \> conftest.nm
configure:7497: $? = 0
cannot find nm_test_var in conftest.nm
configure:7487: g++ -c -g -O2  conftest.cpp >&5
configure:7490: $? = 0
configure:7494: /usr/bin/nm -B conftest.o \| sed -n -e 's/^.*[ ]\([ABCDGIRSTW][ABCDGIRSTW]*\)[ ][ ]*_\([_A-Za-z][_A-Za-z0-9]*\)$/\1 _\2 \2/p' | sed '/ __gnu_lto/d' \> conftest.nm
configure:7497: $? = 0
configure:7563: g++ -o conftest.exe -g -O2   conftest.cpp conftstm.o >&5
configure:7566: $? = 0
configure:7604: result: ok
configure:7641: checking for sysroot
configure:7671: result: no
configure:7927: checking for mt
configure:7957: result: no
configure:7977: checking if : is a manifest tool
configure:7983: : '-?'
configure:7991: result: no
configure:8630: checking for dlfcn.h
configure:8630: g++ -c -g -O2  conftest.cpp >&5
configure:8630: $? = 0
configure:8630: result: yes
configure:8816: checking for objdir
configure:8831: result: .libs
configure:9102: checking if gcc supports -fno-rtti -fno-exceptions
configure:9120: gcc -c -g -O2  -fno-rtti -fno-exceptions conftest.c >&5
cc1: warning: command line option '-fno-rtti' is valid for C++/ObjC++ but not for C
configure:9124: $? = 0
configure:9137: result: no
configure:9464: checking for gcc option to produce PIC
configure:9471: result: -DDLL_EXPORT -DPIC
configure:9479: checking if gcc PIC flag -DDLL_EXPORT -DPIC works
configure:9497: gcc -c -g -O2  -DDLL_EXPORT -DPIC -DPIC conftest.c >&5
configure:9501: $? = 0
configure:9514: result: yes
configure:9543: checking if gcc static flag -static works
configure:9571: result: yes
configure:9586: checking if gcc supports -c -o file.o
configure:9607: gcc -c -g -O2  -o out/conftest2.o conftest.c >&5
configure:9611: $? = 0
configure:9633: result: yes
configure:9641: checking if gcc supports -c -o file.o
configure:9688: result: yes
configure:9721: checking whether the gcc linker (/usr/i686-pc-cygwin/bin/ld.exe) supports shared libraries
configure:10874: result: yes
configure:10911: checking whether -lc should be explicitly linked in
configure:10919: gcc -c -g -O2  conftest.c >&5
configure:10922: $? = 0
configure:10937: gcc -shared conftest.o  -v -o ./conftest -Wl,--enable-auto-image-base -Xlinker --out-implib -Xlinker conftest 2\>\&1 \| /usr/bin/grep  -lc  \>/dev/null 2\>\&1
configure:10940: $? = 1
configure:10954: result: yes
configure:11114: checking dynamic linker characteristics
configure:11851: result: Win32 ld.exe
configure:11958: checking how to hardcode library paths into programs
configure:11983: result: immediate
configure:12523: checking whether stripping libraries is possible
configure:12528: result: yes
configure:12563: checking if libtool supports shared libraries
configure:12565: result: yes
configure:12568: checking whether to build shared libraries
configure:12589: result: yes
configure:12592: checking whether to build static libraries
configure:12596: result: no
configure:12619: checking how to run the C++ preprocessor
configure:12646: g++ -E  conftest.cpp
configure:12646: $? = 0
configure:12660: g++ -E  conftest.cpp
conftest.cpp:29:10: fatal error: ac_nonexistent.h: No such file or directory
 #include <ac_nonexistent.h>
          ^~~~~~~~~~~~~~~~~~
compilation terminated.
configure:12660: $? = 1
configure: failed program was:
| /* confdefs.h */
| #define PACKAGE_NAME "libfc14audiodecoder"
| #define PACKAGE_TARNAME "libfc14audiodecoder"
| #define PACKAGE_VERSION "1.0.3"
| #define PACKAGE_STRING "libfc14audiodecoder 1.0.3"
| #define PACKAGE_BUGREPORT ""
| #define PACKAGE_URL ""
| #define PACKAGE "libfc14audiodecoder"
| #define VERSION "1.0.3"
| #define STDC_HEADERS 1
| #define HAVE_SYS_TYPES_H 1
| #define HAVE_SYS_STAT_H 1
| #define HAVE_STDLIB_H 1
| #define HAVE_STRING_H 1
| #define HAVE_MEMORY_H 1
| #define HAVE_STRINGS_H 1
| #define HAVE_INTTYPES_H 1
| #define HAVE_STDINT_H 1
| #define HAVE_UNISTD_H 1
| #define SIZEOF_CHAR 1
| #define SIZEOF_SHORT_INT 2
| #define SIZEOF_INT 4
| #define SIZEOF_LONG_INT 4
| #define STDC_HEADERS 1
| #define FC_HAVE_NOTHROW 1
| #define HAVE_DLFCN_H 1
| #define LT_OBJDIR ".libs/"
| /* end confdefs.h.  */
| #include <ac_nonexistent.h>
configure:12685: result: g++ -E
configure:12705: g++ -E  conftest.cpp
configure:12705: $? = 0
configure:12719: g++ -E  conftest.cpp
conftest.cpp:29:10: fatal error: ac_nonexistent.h: No such file or directory
 #include <ac_nonexistent.h>
          ^~~~~~~~~~~~~~~~~~
compilation terminated.
configure:12719: $? = 1
configure: failed program was:
| /* confdefs.h */
| #define PACKAGE_NAME "libfc14audiodecoder"
| #define PACKAGE_TARNAME "libfc14audiodecoder"
| #define PACKAGE_VERSION "1.0.3"
| #define PACKAGE_STRING "libfc14audiodecoder 1.0.3"
| #define PACKAGE_BUGREPORT ""
| #define PACKAGE_URL ""
| #define PACKAGE "libfc14audiodecoder"
| #define VERSION "1.0.3"
| #define STDC_HEADERS 1
| #define HAVE_SYS_TYPES_H 1
| #define HAVE_SYS_STAT_H 1
| #define HAVE_STDLIB_H 1
| #define HAVE_STRING_H 1
| #define HAVE_MEMORY_H 1
| #define HAVE_STRINGS_H 1
| #define HAVE_INTTYPES_H 1
| #define HAVE_STDINT_H 1
| #define HAVE_UNISTD_H 1
| #define SIZEOF_CHAR 1
| #define SIZEOF_SHORT_INT 2
| #define SIZEOF_INT 4
| #define SIZEOF_LONG_INT 4
| #define STDC_HEADERS 1
| #define FC_HAVE_NOTHROW 1
| #define HAVE_DLFCN_H 1
| #define LT_OBJDIR ".libs/"
| /* end confdefs.h.  */
| #include <ac_nonexistent.h>
configure:12888: checking for ld used by g++
configure:12955: result: /usr/i686-pc-cygwin/bin/ld.exe
configure:12962: checking if the linker (/usr/i686-pc-cygwin/bin/ld.exe) is GNU ld
configure:12977: result: yes
configure:13032: checking whether the g++ linker (/usr/i686-pc-cygwin/bin/ld.exe) supports shared libraries
configure:14037: result: yes
configure:14073: g++ -c -g -O2  conftest.cpp >&5
configure:14076: $? = 0
configure:14596: checking for g++ option to produce PIC
configure:14603: result: -DDLL_EXPORT -DPIC
configure:14611: checking if g++ PIC flag -DDLL_EXPORT -DPIC works
configure:14629: g++ -c -g -O2  -DDLL_EXPORT -DPIC -DPIC conftest.cpp >&5
configure:14633: $? = 0
configure:14646: result: yes
configure:14669: checking if g++ static flag -static works
configure:14697: result: yes
configure:14709: checking if g++ supports -c -o file.o
configure:14730: g++ -c -g -O2  -o out/conftest2.o conftest.cpp >&5
configure:14734: $? = 0
configure:14756: result: yes
configure:14761: checking if g++ supports -c -o file.o
configure:14808: result: yes
configure:14838: checking whether the g++ linker (/usr/i686-pc-cygwin/bin/ld.exe) supports shared libraries
configure:14874: result: yes
configure:15015: checking dynamic linker characteristics
configure:15686: result: Win32 ld.exe
configure:15739: checking how to hardcode library paths into programs
configure:15764: result: immediate
configure:15830: checking string usability
configure:15830: g++ -c -g -O2  conftest.cpp >&5
configure:15830: $? = 0
configure:15830: result: yes
configure:15830: checking string presence
configure:15830: g++ -E  conftest.cpp
configure:15830: $? = 0
configure:15830: result: yes
configure:15830: checking for string
configure:15830: result: yes
configure:15830: checking iostream usability
configure:15830: g++ -c -g -O2  conftest.cpp >&5
configure:15830: $? = 0
configure:15830: result: yes
configure:15830: checking iostream presence
configure:15830: g++ -E  conftest.cpp
configure:15830: $? = 0
configure:15830: result: yes
configure:15830: checking for iostream
configure:15830: result: yes
configure:15864: OPTIMIZE_ENDIAN_ACCESS enabled automatically for i686-pc-cygwin
configure:15978: checking that generated files are newer than configure
configure:15984: result: done
configure:16012: creating ./config.status

## ---------------------- ##
## Running config.status. ##
## ---------------------- ##

This file was extended by libfc14audiodecoder config.status 1.0.3, which was
generated by GNU Autoconf 2.69.  Invocation command line was

  CONFIG_FILES    = 
  CONFIG_HEADERS  = 
  CONFIG_LINKS    = 
  CONFIG_COMMANDS = 
  $ ./config.status 

on DESKTOP-VL0THH1

config.status:1174: creating Makefile
config.status:1174: creating src/Makefile
config.status:1174: creating src/Config.h
config.status:1403: executing depfiles commands
config.status:1403: executing libtool commands

## ---------------- ##
## Cache variables. ##
## ---------------- ##

ac_cv_build=i686-pc-cygwin
ac_cv_c_bigendian=no
ac_cv_c_compiler_gnu=yes
ac_cv_cxx_compiler_gnu=yes
ac_cv_env_CCC_set=
ac_cv_env_CCC_value=
ac_cv_env_CC_set=
ac_cv_env_CC_value=
ac_cv_env_CFLAGS_set=
ac_cv_env_CFLAGS_value=
ac_cv_env_CPPFLAGS_set=
ac_cv_env_CPPFLAGS_value=
ac_cv_env_CPP_set=
ac_cv_env_CPP_value=
ac_cv_env_CXXCPP_set=
ac_cv_env_CXXCPP_value=
ac_cv_env_CXXFLAGS_set=
ac_cv_env_CXXFLAGS_value=
ac_cv_env_CXX_set=
ac_cv_env_CXX_value=
ac_cv_env_LDFLAGS_set=
ac_cv_env_LDFLAGS_value=
ac_cv_env_LIBS_set=
ac_cv_env_LIBS_value=
ac_cv_env_build_alias_set=
ac_cv_env_build_alias_value=
ac_cv_env_host_alias_set=
ac_cv_env_host_alias_value=
ac_cv_env_target_alias_set=
ac_cv_env_target_alias_value=
ac_cv_exeext=.exe
ac_cv_header_dlfcn_h=yes
ac_cv_header_inttypes_h=yes
ac_cv_header_iostream=yes
ac_cv_header_memory_h=yes
ac_cv_header_stdc=yes
ac_cv_header_stdint_h=yes
ac_cv_header_stdlib_h=yes
ac_cv_header_string=yes
ac_cv_header_string_h=yes
ac_cv_header_strings_h=yes
ac_cv_header_sys_stat_h=yes
ac_cv_header_sys_types_h=yes
ac_cv_header_unistd_h=yes
ac_cv_host=i686-pc-cygwin
ac_cv_objext=o
ac_cv_path_EGREP='/usr/bin/grep -E'
ac_cv_path_FGREP='/usr/bin/grep -F'
ac_cv_path_GREP=/usr/bin/grep
ac_cv_path_RM=/usr/bin/rm
ac_cv_path_SED=/usr/bin/sed
ac_cv_path_install='/usr/bin/install -c'
ac_cv_path_mkdir=/usr/bin/mkdir
ac_cv_prog_AWK=gawk
ac_cv_prog_CPP='gcc -E'
ac_cv_prog_CXXCPP='g++ -E'
ac_cv_prog_ac_ct_AR=ar
ac_cv_prog_ac_ct_CC=gcc
ac_cv_prog_ac_ct_CXX=g++
ac_cv_prog_ac_ct_DLLTOOL=dlltool
ac_cv_prog_ac_ct_OBJDUMP=objdump
ac_cv_prog_ac_ct_RANLIB=ranlib
ac_cv_prog_ac_ct_STRIP=strip
ac_cv_prog_cc_c89=
ac_cv_prog_cc_g=yes
ac_cv_prog_cxx_g=yes
ac_cv_prog_make_make_set=yes
ac_cv_sizeof_char=1
ac_cv_sizeof_int=4
ac_cv_sizeof_long_int=4
ac_cv_sizeof_short_int=2
am_cv_CC_dependencies_compiler_type=gcc3
am_cv_CXX_dependencies_compiler_type=gcc3
am_cv_make_support_nested_variables=yes
fc_cv_have_nothrow=yes
lt_cv_ar_at_file=@
lt_cv_archive_cmds_need_lc=yes
lt_cv_deplibs_check_method='file_magic ^x86 archive import|^x86 DLL'
lt_cv_file_magic_cmd=func_win32_libid
lt_cv_file_magic_test_file=
lt_cv_ld_reload_flag=-r
lt_cv_nm_interface='BSD nm'
lt_cv_objdir=.libs
lt_cv_path_LD=/usr/i686-pc-cygwin/bin/ld.exe
lt_cv_path_LDCXX=/usr/i686-pc-cygwin/bin/ld.exe
lt_cv_path_NM='/usr/bin/nm -B'
lt_cv_path_mainfest_tool=no
lt_cv_prog_compiler_c_o=yes
lt_cv_prog_compiler_c_o_CXX=yes
lt_cv_prog_compiler_pic='-DDLL_EXPORT -DPIC'
lt_cv_prog_compiler_pic_CXX='-DDLL_EXPORT -DPIC'
lt_cv_prog_compiler_pic_works=yes
lt_cv_prog_compiler_pic_works_CXX=yes
lt_cv_prog_compiler_rtti_exceptions=no
lt_cv_prog_compiler_static_works=yes
lt_cv_prog_compiler_static_works_CXX=yes
lt_cv_prog_gnu_ld=yes
lt_cv_prog_gnu_ldcxx=yes
lt_cv_sharedlib_from_linklib_cmd=func_cygming_dll_for_implib
lt_cv_sys_global_symbol_pipe='sed -n -e '\''s/^.*[	 ]\([ABCDGIRSTW][ABCDGIRSTW]*\)[	 ][	 ]*_\([_A-Za-z][_A-Za-z0-9]*\)$/\1 _\2 \2/p'\'' | sed '\''/ __gnu_lto/d'\'''
lt_cv_sys_global_symbol_to_c_name_address='sed -n -e '\''s/^: \([^ ]*\)[ ]*$/  {\"\1\", (void *) 0},/p'\'' -e '\''s/^[ABCDGIRSTW]* \([^ ]*\) \([^ ]*\)$/  {"\2", (void *) \&\2},/p'\'''
lt_cv_sys_global_symbol_to_c_name_address_lib_prefix='sed -n -e '\''s/^: \([^ ]*\)[ ]*$/  {\"\1\", (void *) 0},/p'\'' -e '\''s/^[ABCDGIRSTW]* \([^ ]*\) \(lib[^ ]*\)$/  {"\2", (void *) \&\2},/p'\'' -e '\''s/^[ABCDGIRSTW]* \([^ ]*\) \([^ ]*\)$/  {"lib\2", (void *) \&\2},/p'\'''
lt_cv_sys_global_symbol_to_cdecl='sed -n -e '\''s/^T .* \(.*\)$/extern int \1();/p'\'' -e '\''s/^[ABCDGIRSTW]* .* \(.*\)$/extern char \1;/p'\'''
lt_cv_sys_max_cmd_len=8192
lt_cv_to_host_file_cmd=func_convert_file_noop
lt_cv_to_tool_file_cmd=func_convert_file_noop

## ----------------- ##
## Output variables. ##
## ----------------- ##

ACLOCAL='${SHELL} /home/Noah/winHome/Downloads/libfc14audiodecoder-1.0.3/missing aclocal-1.13'
AMDEPBACKSLASH='\'
AMDEP_FALSE='#'
AMDEP_TRUE=''
AMTAR='$${TAR-tar}'
AM_BACKSLASH='\'
AM_DEFAULT_V='$(AM_DEFAULT_VERBOSITY)'
AM_DEFAULT_VERBOSITY='1'
AM_V='$(V)'
AR='ar'
AUTOCONF='${SHELL} /home/Noah/winHome/Downloads/libfc14audiodecoder-1.0.3/missing autoconf'
AUTOHEADER='${SHELL} /home/Noah/winHome/Downloads/libfc14audiodecoder-1.0.3/missing autoheader'
AUTOMAKE='${SHELL} /home/Noah/winHome/Downloads/libfc14audiodecoder-1.0.3/missing automake-1.13'
AWK='gawk'
CC='gcc'
CCDEPMODE='depmode=gcc3'
CFLAGS='-g -O2'
CPP='gcc -E'
CPPFLAGS=''
CXX='g++'
CXXCPP='g++ -E'
CXXDEPMODE='depmode=gcc3'
CXXFLAGS='-g -O2'
CYGPATH_W='cygpath -w'
DEFS='-DHAVE_CONFIG_H'
DEPDIR='.deps'
DLLTOOL='dlltool'
DSYMUTIL=''
DUMPBIN=''
ECHO_C=''
ECHO_N='-n'
ECHO_T=''
EGREP='/usr/bin/grep -E'
EXEEXT='.exe'
FGREP='/usr/bin/grep -F'
GREP='/usr/bin/grep'
INSTALL_DATA='${INSTALL} -m 644'
INSTALL_PROGRAM='${INSTALL}'
INSTALL_SCRIPT='${INSTALL}'
INSTALL_STRIP_PROGRAM='$(install_sh) -c -s'
LD='/usr/i686-pc-cygwin/bin/ld.exe'
LDFLAGS=''
LIBOBJS=''
LIBS=''
LIBTOOL='$(SHELL) $(top_builddir)/libtool'
LIBVERSION='1:0:0'
LIPO=''
LN_S='ln -s'
LTLIBOBJS=''
MAKEINFO='${SHELL} /home/Noah/winHome/Downloads/libfc14audiodecoder-1.0.3/missing makeinfo'
MANIFEST_TOOL=':'
MKDIR_P='/usr/bin/mkdir -p'
NM='/usr/bin/nm -B'
NMEDIT=''
OBJDUMP='objdump'
OBJEXT='o'
OTOOL64=''
OTOOL=''
PACKAGE='libfc14audiodecoder'
PACKAGE_BUGREPORT=''
PACKAGE_NAME='libfc14audiodecoder'
PACKAGE_STRING='libfc14audiodecoder 1.0.3'
PACKAGE_TARNAME='libfc14audiodecoder'
PACKAGE_URL=''
PACKAGE_VERSION='1.0.3'
PATH_SEPARATOR=':'
RANLIB='ranlib'
RM='/usr/bin/rm'
SED='/usr/bin/sed'
SET_MAKE=''
SHELL='/bin/sh'
STRIP='strip'
VERSION='1.0.3'
ac_ct_AR='ar'
ac_ct_CC='gcc'
ac_ct_CXX='g++'
ac_ct_DUMPBIN=''
am__EXEEXT_FALSE='#'
am__EXEEXT_TRUE=''
am__fastdepCC_FALSE='#'
am__fastdepCC_TRUE=''
am__fastdepCXX_FALSE='#'
am__fastdepCXX_TRUE=''
am__include='include'
am__isrc=''
am__leading_dot='.'
am__nodep='_no'
am__quote=''
am__tar='$${TAR-tar} chof - "$$tardir"'
am__untar='$${TAR-tar} xf -'
bindir='${exec_prefix}/bin'
build='i686-pc-cygwin'
build_alias=''
build_cpu='i686'
build_os='cygwin'
build_vendor='pc'
datadir='${datarootdir}'
datarootdir='${prefix}/share'
docdir='${datarootdir}/doc/${PACKAGE_TARNAME}'
dvidir='${docdir}'
exec_prefix='${prefix}'
host='i686-pc-cygwin'
host_alias=''
host_cpu='i686'
host_os='cygwin'
host_vendor='pc'
htmldir='${docdir}'
includedir='${prefix}/include'
infodir='${datarootdir}/info'
install_sh='${SHELL} /home/Noah/winHome/Downloads/libfc14audiodecoder-1.0.3/install-sh'
libdir='${exec_prefix}/lib'
libexecdir='${exec_prefix}/libexec'
localedir='${datarootdir}/locale'
localstatedir='${prefix}/var'
mandir='${datarootdir}/man'
mkdir_p='$(MKDIR_P)'
oldincludedir='/usr/include'
pdfdir='${docdir}'
prefix='/usr/local'
program_transform_name='s,x,x,'
psdir='${docdir}'
sbindir='${exec_prefix}/sbin'
sharedstatedir='${prefix}/com'
sysconfdir='${prefix}/etc'
target_alias=''

## ----------- ##
## confdefs.h. ##
## ----------- ##

/* confdefs.h */
#define PACKAGE_NAME "libfc14audiodecoder"
#define PACKAGE_TARNAME "libfc14audiodecoder"
#define PACKAGE_VERSION "1.0.3"
#define PACKAGE_STRING "libfc14audiodecoder 1.0.3"
#define PACKAGE_BUGREPORT ""
#define PACKAGE_URL ""
#define PACKAGE "libfc14audiodecoder"
#define VERSION "1.0.3"
#define STDC_HEADERS 1
#define HAVE_SYS_TYPES_H 1
#define HAVE_SYS_STAT_H 1
#define HAVE_STDLIB_H 1
#define HAVE_STRING_H 1
#define HAVE_MEMORY_H 1
#define HAVE_STRINGS_H 1
#define HAVE_INTTYPES_H 1
#define HAVE_STDINT_H 1
#define HAVE_UNISTD_H 1
#define SIZEOF_CHAR 1
#define SIZEOF_SHORT_INT 2
#define SIZEOF_INT 4
#define SIZEOF_LONG_INT 4
#define STDC_HEADERS 1
#define FC_HAVE_NOTHROW 1
#define HAVE_DLFCN_H 1
#define LT_OBJDIR ".libs/"
#define HAVE_STRING 1
#define HAVE_IOSTREAM 1
#define OPTIMIZE_ENDIAN_ACCESS 1

configure: exit 0
